Using pre-set license
Built from '2020.2/staging' branch; Version is '2020.2.7f1 (c53830e277f1) revision 12924976'; Using compiler version '192528614'; Build Type 'Release'
OS: 'Windows 10 Pro; OS build 19042.1415; Version 2009; 64bit' Language: 'en' Physical Memory: 4063 MB
BatchMode: 1, IsHumanControllingUs: 0, StartBugReporterOnCrash: 0, Is64bit: 1, IsPro: 0

 COMMAND LINE ARGUMENTS:
D:\Program Files\Unity\Editor\Unity.exe
-adb2
-batchMode
-noUpm
-name
AssetImportWorker0
-projectPath
E:/MOHAMMAD/Project/Git Hub/Ping Poing - Training
-logFile
Logs/AssetImportWorker0.log
-srvPort
1556
Successfully changed project path to: E:/MOHAMMAD/Project/Git Hub/Ping Poing - Training
E:/MOHAMMAD/Project/Git Hub/Ping Poing - Training
Using Asset Import Pipeline V2.
Refreshing native plugins compatible for Editor in 237.21 ms, found 1 plugins.
Preloading 0 native plugins for Editor in 0.00 ms.
Initialize engine version: 2020.2.7f1 (c53830e277f1)
[Subsystems] Discovering subsystems at path D:/Program Files/Unity/Editor/Data/Resources/UnitySubsystems
[Subsystems] Discovering subsystems at path E:/MOHAMMAD/Project/Git Hub/Ping Poing - Training/Assets
GfxDevice: creating device client; threaded=0
Direct3D:
    Version:  Direct3D 11.0 [level 11.1]
    Renderer: Microsoft Basic Render Driver (ID=0x8c)
    Vendor:   
    VRAM:     2031 MB
Initialize mono
Mono path[0] = 'D:/Program Files/Unity/Editor/Data/Managed'
Mono path[1] = 'D:/Program Files/Unity/Editor/Data/MonoBleedingEdge/lib/mono/unityjit'
Mono config path = 'D:/Program Files/Unity/Editor/Data/MonoBleedingEdge/etc'
Using monoOptions --debugger-agent=transport=dt_socket,embedding=1,server=y,suspend=n,address=127.0.0.1:56352
Begin MonoManager ReloadAssembly
Registering precompiled unity dll's ...
Register platform support module: D:/Program Files/Unity/Editor/Data/PlaybackEngines/WindowsStandaloneSupport/UnityEditor.WindowsStandalone.Extensions.dll
Registered in 0.003670 seconds.
Native extension for WindowsStandalone target not found
Refreshing native plugins compatible for Editor in 102.64 ms, found 1 plugins.
Preloading 0 native plugins for Editor in 0.00 ms.
Invoked RoslynAnalysisRunner static constructor.
RoslynAnalysisRunner will not be running.
RoslynAnalysisRunner has terminated.
Mono: successfully reloaded assembly
- Completed reload, in  4.015 seconds
Platform modules already initialized, skipping
Registering precompiled user dll's ...
Registered in 0.001875 seconds.
Begin MonoManager ReloadAssembly
Native extension for WindowsStandalone target not found
Refreshing native plugins compatible for Editor in 97.41 ms, found 1 plugins.
Preloading 0 native plugins for Editor in 0.00 ms.
Invoked RoslynAnalysisRunner static constructor.
RoslynAnalysisRunner will not be running.
RoslynAnalysisRunner has terminated.
Mono: successfully reloaded assembly
- Completed reload, in  2.866 seconds
Platform modules already initialized, skipping
========================================================================
Worker process is ready to serve import requests
Launched and connected shader compiler UnityShaderCompiler.exe after 0.14 seconds
Refreshing native plugins compatible for Editor in 0.79 ms, found 1 plugins.
Preloading 0 native plugins for Editor in 0.00 ms.
Unloading 1823 Unused Serialized files (Serialized files now loaded: 0)
System memory in use before: 87.5 MB.
System memory in use after: 86.8 MB.

Unloading 37 unused Assets to reduce memory usage. Loaded Objects now: 2251.
Total: 8.555700 ms (FindLiveObjects: 1.105600 ms CreateObjectMapping: 0.213300 ms MarkObjects: 4.369800 ms  DeleteObjects: 2.863600 ms)

========================================================================
Received Import Request.
  path: Assets/Trail.mat
  artifactKey: Guid(9f3a62dcb5049744ca0d6da010fc5a0f) Importer(815301076,1909f56bfc062723c751e8b465ee728b)
Start importing Assets/Trail.mat using Guid(9f3a62dcb5049744ca0d6da010fc5a0f) Importer(815301076,1909f56bfc062723c751e8b465ee728b)  -> (artifact id: 'f6f7d60785a5d9430d88fc00bb88881f') in 2.607606 seconds
  Import took 2.629260 seconds .

========================================================================
Received Import Request.
  Time since last request: 0.001056 seconds.
  path: Assets/Untitled.png
  artifactKey: Guid(2463b257f0dbd104291a8d60e1467f86) Importer(815301076,1909f56bfc062723c751e8b465ee728b)
Start importing Assets/Untitled.png using Guid(2463b257f0dbd104291a8d60e1467f86) Importer(815301076,1909f56bfc062723c751e8b465ee728b)  -> (artifact id: '752355a83bdb1e519d29ce8c81ca8676') in 1.171500 seconds
  Import took 1.216407 seconds .

========================================================================
Received Import Request.
  Time since last request: 95.190546 seconds.
  path: Assets/PlayersMovement.cs
  artifactKey: Guid(8129358ac6258b842ac4b0a6e690e644) Importer(815301076,1909f56bfc062723c751e8b465ee728b)
Start importing Assets/PlayersMovement.cs using Guid(8129358ac6258b842ac4b0a6e690e644) Importer(815301076,1909f56bfc062723c751e8b465ee728b)  -> (artifact id: '900ec3c4e738ea9ce9a193a91192ae2b') in 0.180991 seconds
  Import took 0.186329 seconds .

========================================================================
Received Import Request.
  Time since last request: 0.246179 seconds.
  path: Assets/PlayersMovement.cs
  artifactKey: Guid(8129358ac6258b842ac4b0a6e690e644) Importer(815301076,1909f56bfc062723c751e8b465ee728b)
Start importing Assets/PlayersMovement.cs using Guid(8129358ac6258b842ac4b0a6e690e644) Importer(815301076,1909f56bfc062723c751e8b465ee728b)  -> (artifact id: '900ec3c4e738ea9ce9a193a91192ae2b') in 0.039526 seconds
  Import took 0.046177 seconds .

